2026-03-22T10:49:40.863Z anonymous GET /admin 304  - 83.306 ms
2026-03-22T10:49:41.750Z anonymous GET /src/main.jsx 200  - 0.537 ms
2026-03-22T10:49:41.753Z anonymous GET /@react-refresh 304  - 0.218 ms
2026-03-22T10:49:41.770Z anonymous GET /node_modules/.vite/deps/react_jsx-dev-runtime.js?v=986b8d7e 200  - 1.163 ms
2026-03-22T10:49:41.833Z anonymous GET /@vite/client 200  - 86.270 ms
2026-03-22T10:49:41.836Z anonymous GET /node_modules/.vite/deps/chunk-S73QDKPN.js?v=d99dafb6 200  - 0.674 ms
2026-03-22T10:49:41.840Z anonymous GET /src/index.css 200  - 0.665 ms
2026-03-22T10:49:41.843Z anonymous GET /src/App.jsx 200  - 0.941 ms
2026-03-22T10:49:41.870Z anonymous GET /node_modules/.vite/deps/chunk-G3PMV62Z.js?v=d99dafb6 200  - 20.956 ms
2026-03-22T10:49:41.872Z anonymous GET /node_modules/.vite/deps/react-dom_client.js?v=797356e2 200  - 5.457 ms
2026-03-22T10:49:41.885Z anonymous GET /node_modules/.vite/deps/react.js?v=986b8d7e 200  - 1.648 ms
2026-03-22T10:49:41.891Z anonymous GET /src/components/Login.jsx 200  - 0.550 ms
2026-03-22T10:49:41.896Z anonymous GET /src/ThemeContext.jsx 200  - 0.647 ms
2026-03-22T10:49:41.899Z anonymous GET /node_modules/vite/dist/client/env.mjs 304  - 52.011 ms
2026-03-22T10:49:41.952Z anonymous GET /node_modules/.vite/deps/react-router-dom.js?v=bf7a0fbc 200  - 4.220 ms
2026-03-22T10:49:41.955Z anonymous GET /node_modules/.vite/deps/chunk-Z5AKTONR.js?v=d99dafb6 200  - 0.470 ms
2026-03-22T10:49:41.958Z anonymous GET /node_modules/.vite/deps/lucide-react.js?v=aa582887 200  - 5.195 ms
2026-03-22T10:49:42.045Z anonymous GET /src/components/MemberDashboard.jsx 200  - 149.073 ms
2026-03-22T10:49:42.052Z anonymous GET /node_modules/.vite/deps/react-qr-code.js?v=1f624ce9 200  - 0.577 ms
2026-03-22T10:49:42.099Z anonymous GET /src/components/AdminDashboard.jsx 200  - 205.280 ms
2026-03-22T10:49:42.114Z anonymous GET /src/components/QRCameraScanner.jsx 200  - 2.323 ms
2026-03-22T10:49:42.148Z anonymous GET /node_modules/.vite/deps/html5-qrcode.js?v=c1aa05eb 200  - 28.326 ms
2026-03-22T10:49:42.473Z admin GET /api/rooms 200 34900 - 38.541 ms
2026-03-22T10:49:42.476Z admin GET /api/allocations 200 62248 - 13.066 ms
2026-03-22T10:49:42.478Z admin GET /api/members 200 68451 - 14.264 ms
2026-03-22T10:49:42.480Z admin GET /api/complaints 200 31784 - 15.066 ms
2026-03-22T10:49:42.481Z admin GET /api/fees 200 198 - 15.283 ms
2026-03-22T10:49:42.482Z admin GET /api/visitors 304  - 15.085 ms
2026-03-22T10:49:42.489Z admin GET /api/maintenance 200 12537 - 6.678 ms
2026-03-22T10:49:42.490Z admin GET /api/complaints/categories 200 1099 - 6.134 ms
2026-03-22T10:49:42.491Z admin GET /api/fees/categories 304  - 6.408 ms
2026-03-22T10:49:42.493Z admin GET /api/furniture 200 55315 - 5.848 ms
2026-03-22T10:49:42.493Z admin GET /api/stats 304  - 7.779 ms
2026-03-22T10:49:42.497Z admin GET /api/scans 304  - 8.944 ms
2026-03-22T10:49:42.499Z admin GET /api/hostels 200 2829 - 4.423 ms
2026-03-22T10:49:42.500Z admin GET /api/rooms/types 200 1126 - 4.163 ms
2026-03-22T10:49:45.289Z anonymous POST /api/auth/logout 200 37 - 2.401 ms
2026-03-22T10:49:48.137Z anonymous POST /api/auth/login 200 63 - 126.611 ms
2026-03-22T10:49:48.165Z admin GET /api/members 304  - 14.176 ms
2026-03-22T10:49:48.169Z admin GET /api/rooms 304  - 11.853 ms
2026-03-22T10:49:48.175Z admin GET /api/allocations 304  - 16.421 ms
2026-03-22T10:49:48.177Z admin GET /api/complaints 304  - 17.123 ms
2026-03-22T10:49:48.178Z admin GET /api/visitors 304  - 16.518 ms
2026-03-22T10:49:48.179Z admin GET /api/fees 304  - 16.037 ms
2026-03-22T10:49:48.181Z admin GET /api/maintenance 304  - 14.545 ms
2026-03-22T10:49:48.187Z admin GET /api/complaints/categories 304  - 7.880 ms
2026-03-22T10:49:48.190Z admin GET /api/fees/categories 304  - 8.132 ms
2026-03-22T10:49:48.192Z admin GET /api/furniture 304  - 7.271 ms
2026-03-22T10:49:48.193Z admin GET /api/scans 304  - 6.773 ms
2026-03-22T10:49:48.193Z admin GET /api/stats 304  - 9.717 ms
2026-03-22T10:49:48.196Z admin GET /api/hostels 304  - 8.197 ms
2026-03-22T10:49:48.197Z admin GET /api/rooms/types 304  - 2.157 ms
2026-03-22T10:49:59.361Z anonymous GET /login 304  - 14.836 ms
2026-03-22T10:49:59.478Z anonymous GET /@vite/client 200  - 48.174 ms
2026-03-22T10:49:59.481Z anonymous GET /src/main.jsx 200  - 0.545 ms
2026-03-22T10:49:59.527Z anonymous GET /node_modules/.vite/deps/react_jsx-dev-runtime.js?v=986b8d7e 200  - 1.204 ms
2026-03-22T10:49:59.532Z anonymous GET /@react-refresh 304  - 1.696 ms
2026-03-22T10:49:59.534Z anonymous GET /node_modules/.vite/deps/chunk-S73QDKPN.js?v=d99dafb6 200  - 0.558 ms
2026-03-22T10:49:59.552Z anonymous GET /node_modules/.vite/deps/chunk-G3PMV62Z.js?v=d99dafb6 200  - 16.903 ms
2026-03-22T10:49:59.553Z anonymous GET /node_modules/.vite/deps/react-dom_client.js?v=797356e2 200  - 18.760 ms
2026-03-22T10:49:59.554Z anonymous GET /node_modules/.vite/deps/chunk-Z5AKTONR.js?v=d99dafb6 200  - 0.240 ms
2026-03-22T10:49:59.557Z anonymous GET /src/index.css 200  - 0.970 ms
2026-03-22T10:49:59.558Z anonymous GET /src/App.jsx 200  - 0.302 ms
2026-03-22T10:49:59.560Z anonymous GET /node_modules/vite/dist/client/env.mjs 304  - 0.320 ms
2026-03-22T10:49:59.563Z anonymous GET /node_modules/.vite/deps/react.js?v=986b8d7e 200  - 0.572 ms
2026-03-22T10:49:59.570Z anonymous GET /src/components/Login.jsx 200  - 0.693 ms
2026-03-22T10:49:59.574Z anonymous GET /src/components/MemberDashboard.jsx 200  - 2.674 ms
2026-03-22T10:49:59.574Z anonymous GET /src/ThemeContext.jsx 200  - 0.326 ms
2026-03-22T10:49:59.581Z anonymous GET /src/components/AdminDashboard.jsx 200  - 4.145 ms
2026-03-22T10:49:59.592Z anonymous GET /node_modules/.vite/deps/react-qr-code.js?v=1f624ce9 200  - 0.472 ms
2026-03-22T10:49:59.592Z anonymous GET /node_modules/.vite/deps/react-router-dom.js?v=bf7a0fbc 200  - 2.099 ms
2026-03-22T10:49:59.595Z anonymous GET /src/components/QRCameraScanner.jsx 200  - 0.579 ms
2026-03-22T10:49:59.597Z anonymous GET /node_modules/.vite/deps/lucide-react.js?v=aa582887 200  - 3.771 ms
2026-03-22T10:49:59.618Z anonymous GET /node_modules/.vite/deps/html5-qrcode.js?v=c1aa05eb 200  - 16.274 ms
2026-03-22T10:50:01.799Z anonymous POST /api/auth/login 200 72 - 125.810 ms
2026-03-22T10:50:01.819Z 2022047 GET /api/allocations/member/2022047 200 391 - 5.931 ms
2026-03-22T10:50:01.820Z 2022047 GET /api/visitors/member/2022047 304  - 2.794 ms
2026-03-22T10:50:01.821Z 2022047 GET /api/maintenance/member/2022047 200 221 - 2.803 ms
2026-03-22T10:50:01.821Z 2022047 GET /api/fees/member/2022047 304  - 4.771 ms
2026-03-22T10:50:01.822Z 2022047 GET /api/complaints/member/2022047 200 293 - 6.369 ms
2026-03-22T10:50:01.822Z 2022047 GET /api/members/2022047 200 449 - 11.376 ms
2026-03-22T10:50:01.827Z 2022047 GET /api/fees/categories 304  - 1.971 ms
2026-03-22T10:50:01.827Z 2022047 GET /api/complaints/categories 200 1099 - 3.051 ms
2026-03-22T10:50:01.828Z 2022047 GET /api/hostels/wardens 304  - 2.225 ms
2026-03-22T10:50:01.828Z 2022047 GET /api/furniture/member/2022047 500 24 - 5.495 ms
2026-03-22T10:50:12.057Z anonymous GET /member/202204712 200  - 12.673 ms
2026-03-22T10:50:12.086Z anonymous GET /@vite/client 304  - 0.673 ms
2026-03-22T10:50:12.095Z anonymous GET /src/main.jsx 304  - 0.439 ms
2026-03-22T10:50:12.097Z anonymous GET /@react-refresh 304  - 0.113 ms
2026-03-22T10:50:12.099Z anonymous GET /src/App.jsx 304  - 0.098 ms
2026-03-22T10:50:12.100Z anonymous GET /src/index.css 304  - 0.239 ms
2026-03-22T10:50:12.103Z anonymous GET /node_modules/vite/dist/client/env.mjs 304  - 0.183 ms
2026-03-22T10:50:12.103Z anonymous GET /src/components/Login.jsx 304  - 0.105 ms
2026-03-22T10:50:12.104Z anonymous GET /src/components/AdminDashboard.jsx 304  - 0.078 ms
2026-03-22T10:50:12.106Z anonymous GET /src/ThemeContext.jsx 304  - 0.310 ms
2026-03-22T10:50:12.107Z anonymous GET /src/components/MemberDashboard.jsx 304  - 0.230 ms
2026-03-22T10:50:12.125Z anonymous GET /src/components/QRCameraScanner.jsx 304  - 0.288 ms
2026-03-22T10:50:12.205Z 2022047 GET /api/members/202204712 403 25 - 2.692 ms
2026-03-22T10:50:12.212Z 2022047 GET /api/allocations/member/202204712 403 59 - 1.870 ms
2026-03-22T10:50:12.213Z 2022047 GET /api/complaints/member/202204712 403 59 - 1.127 ms
2026-03-22T10:50:12.215Z 2022047 GET /api/visitors/member/202204712 403 59 - 0.972 ms
2026-03-22T10:50:12.217Z 2022047 GET /api/furniture/member/202204712 403 59 - 0.830 ms
2026-03-22T10:50:12.221Z 2022047 GET /api/fees/member/202204712 403 59 - 1.003 ms
2026-03-22T10:50:12.223Z 2022047 GET /api/maintenance/member/202204712 403 59 - 1.588 ms
2026-03-22T10:50:12.225Z 2022047 GET /api/complaints/categories 304  - 18.390 ms
2026-03-22T10:50:12.227Z 2022047 GET /api/fees/categories 304  - 9.747 ms
2026-03-22T10:50:12.229Z 2022047 GET /api/hostels/wardens 304  - 10.368 ms
2026-03-22T10:53:30.650Z anonymous GET /member/202204712 304  - 16.899 ms
2026-03-22T10:53:30.683Z anonymous GET /@vite/client 304  - 0.192 ms
2026-03-22T10:53:30.687Z anonymous GET /src/main.jsx 304  - 0.088 ms
2026-03-22T10:53:30.689Z anonymous GET /@react-refresh 304  - 0.507 ms
2026-03-22T10:53:30.693Z anonymous GET /node_modules/vite/dist/client/env.mjs 304  - 0.405 ms
2026-03-22T10:53:30.698Z anonymous GET /src/App.jsx 304  - 1.593 ms
2026-03-22T10:53:30.708Z anonymous GET /src/index.css 304  - 2.200 ms
2026-03-22T10:53:30.709Z anonymous GET /src/components/MemberDashboard.jsx 304  - 0.110 ms
2026-03-22T10:53:30.713Z anonymous GET /src/ThemeContext.jsx 304  - 0.192 ms
2026-03-22T10:53:30.717Z anonymous GET /src/components/Login.jsx 304  - 0.125 ms
2026-03-22T10:53:30.720Z anonymous GET /src/components/AdminDashboard.jsx 304  - 0.195 ms
2026-03-22T10:53:30.730Z anonymous GET /src/components/QRCameraScanner.jsx 304  - 0.101 ms
2026-03-22T10:53:30.849Z 2022047 GET /api/members/202204712 403 25 - 15.373 ms
2026-03-22T10:53:30.854Z 2022047 GET /api/furniture/member/202204712 403 59 - 2.161 ms
2026-03-22T10:53:30.857Z 2022047 GET /api/allocations/member/202204712 403 59 - 1.899 ms
2026-03-22T10:53:30.860Z 2022047 GET /api/complaints/member/202204712 403 59 - 2.044 ms
2026-03-22T10:53:30.863Z 2022047 GET /api/visitors/member/202204712 403 59 - 1.479 ms
2026-03-22T10:53:30.866Z 2022047 GET /api/fees/member/202204712 403 59 - 1.416 ms
2026-03-22T10:53:30.876Z 2022047 GET /api/maintenance/member/202204712 403 59 - 1.893 ms
2026-03-22T10:53:30.879Z 2022047 GET /api/complaints/categories 304  - 12.539 ms
2026-03-22T10:53:30.880Z 2022047 GET /api/fees/categories 304  - 9.754 ms
2026-03-22T10:53:30.881Z 2022047 GET /api/hostels/wardens 304  - 9.237 ms
2026-03-22T10:54:00.025Z anonymous GET /member/202204712 304  - 8.381 ms
2026-03-22T10:54:00.054Z anonymous GET /@vite/client 304  - 0.193 ms
2026-03-22T10:54:00.058Z anonymous GET /src/main.jsx 304  - 0.239 ms
2026-03-22T10:54:00.062Z anonymous GET /@react-refresh 304  - 0.357 ms
2026-03-22T10:54:00.063Z anonymous GET /src/index.css 304  - 0.425 ms
2026-03-22T10:54:00.064Z anonymous GET /src/App.jsx 304  - 0.244 ms
2026-03-22T10:54:00.065Z anonymous GET /node_modules/vite/dist/client/env.mjs 304  - 0.087 ms
2026-03-22T10:54:00.069Z anonymous GET /src/components/Login.jsx 304  - 0.328 ms
2026-03-22T10:54:00.070Z anonymous GET /src/components/AdminDashboard.jsx 304  - 0.205 ms
2026-03-22T10:54:00.073Z anonymous GET /src/components/MemberDashboard.jsx 304  - 0.118 ms
2026-03-22T10:54:00.075Z anonymous GET /src/ThemeContext.jsx 304  - 0.204 ms
2026-03-22T10:54:00.077Z anonymous GET /src/components/QRCameraScanner.jsx 304  - 0.074 ms
2026-03-22T10:54:00.139Z 2022047 GET /api/members/202204712 403 25 - 2.881 ms
2026-03-22T10:54:00.141Z 2022047 GET /api/allocations/member/202204712 403 59 - 1.220 ms
2026-03-22T10:54:00.143Z 2022047 GET /api/complaints/member/202204712 403 59 - 0.977 ms
2026-03-22T10:54:00.145Z 2022047 GET /api/visitors/member/202204712 403 59 - 0.785 ms
2026-03-22T10:54:00.146Z 2022047 GET /api/furniture/member/202204712 403 59 - 0.748 ms
2026-03-22T10:54:00.150Z 2022047 GET /api/fees/member/202204712 403 59 - 0.633 ms
2026-03-22T10:54:00.151Z 2022047 GET /api/maintenance/member/202204712 403 59 - 0.756 ms
2026-03-22T10:54:00.153Z 2022047 GET /api/fees/categories 304  - 6.053 ms
2026-03-22T10:54:00.154Z 2022047 GET /api/hostels/wardens 304  - 6.317 ms
2026-03-22T10:54:00.155Z 2022047 GET /api/complaints/categories 304  - 6.211 ms
2026-03-22T10:54:08.767Z anonymous GET /member/202204712 304  - 14.531 ms
2026-03-22T10:54:08.782Z anonymous GET /@vite/client 304  - 0.218 ms
2026-03-22T10:54:08.782Z anonymous GET /src/main.jsx 304  - 0.056 ms
2026-03-22T10:54:08.785Z anonymous GET /@react-refresh 304  - 0.482 ms
2026-03-22T10:54:08.788Z anonymous GET /src/index.css 304  - 0.263 ms
2026-03-22T10:54:08.791Z anonymous GET /src/App.jsx 304  - 0.243 ms
2026-03-22T10:54:08.802Z anonymous GET /node_modules/vite/dist/client/env.mjs 304  - 2.998 ms
2026-03-22T10:54:08.811Z anonymous GET /src/ThemeContext.jsx 304  - 1.174 ms
2026-03-22T10:54:08.812Z anonymous GET /src/components/Login.jsx 304  - 0.105 ms
2026-03-22T10:54:08.814Z anonymous GET /src/components/AdminDashboard.jsx 304  - 0.276 ms
2026-03-22T10:54:08.818Z anonymous GET /src/components/MemberDashboard.jsx 304  - 0.076 ms
2026-03-22T10:54:08.822Z anonymous GET /src/components/QRCameraScanner.jsx 304  - 0.088 ms
2026-03-22T10:54:08.895Z 2022047 GET /api/members/202204712 403 25 - 2.510 ms
2026-03-22T10:54:08.898Z 2022047 GET /api/allocations/member/202204712 403 59 - 1.273 ms
2026-03-22T10:54:08.899Z 2022047 GET /api/complaints/member/202204712 403 59 - 1.075 ms
2026-03-22T10:54:08.903Z 2022047 GET /api/visitors/member/202204712 403 59 - 1.888 ms
2026-03-22T10:54:08.905Z 2022047 GET /api/fees/member/202204712 403 59 - 1.083 ms
2026-03-22T10:54:08.907Z 2022047 GET /api/furniture/member/202204712 403 59 - 0.908 ms
2026-03-22T10:54:08.912Z 2022047 GET /api/maintenance/member/202204712 403 59 - 0.807 ms
2026-03-22T10:54:08.913Z 2022047 GET /api/fees/categories 304  - 5.229 ms
2026-03-22T10:54:08.914Z 2022047 GET /api/hostels/wardens 304  - 4.433 ms
2026-03-22T10:54:08.914Z 2022047 GET /api/complaints/categories 304  - 4.066 ms
2026-03-22T10:54:30.273Z anonymous GET /member/202204712 304  - 31.353 ms
2026-03-22T10:54:30.532Z anonymous GET /src/main.jsx 200  - 17.862 ms
2026-03-22T10:54:30.540Z anonymous GET /@react-refresh 304  - 5.957 ms
2026-03-22T10:54:30.565Z anonymous GET /@vite/client 200  - 53.176 ms
2026-03-22T10:54:30.570Z anonymous GET /node_modules/.vite/deps/react_jsx-dev-runtime.js?v=2e333596 200  - 28.068 ms
2026-03-22T10:54:30.632Z anonymous GET /node_modules/vite/dist/client/env.mjs 304  - 25.895 ms
2026-03-22T10:54:30.647Z anonymous GET /src/App.jsx 200  - 102.615 ms
2026-03-22T10:54:30.651Z anonymous GET /node_modules/.vite/deps/chunk-G3PMV62Z.js?v=2e333596 200  - 45.296 ms
2026-03-22T10:54:30.738Z anonymous GET /src/index.css 304  - 194.717 ms
2026-03-22T10:54:30.741Z anonymous GET /node_modules/.vite/deps/chunk-S73QDKPN.js?v=2e333596 200  - 135.871 ms
2026-03-22T10:54:30.744Z anonymous GET /node_modules/.vite/deps/react-dom_client.js?v=2e333596 200  - 84.852 ms
2026-03-22T10:54:30.974Z anonymous GET /node_modules/.vite/deps/react.js?v=2e333596 200  - 227.575 ms
2026-03-22T10:54:30.987Z anonymous GET /node_modules/.vite/deps/chunk-Z5AKTONR.js?v=2e333596 200  - 0.426 ms
2026-03-22T10:54:30.988Z anonymous GET /node_modules/.vite/deps/react-router-dom.js?v=2e333596 200  - 239.079 ms
2026-03-22T10:54:30.996Z anonymous GET /src/ThemeContext.jsx 200  - 248.596 ms
2026-03-22T10:54:31.000Z anonymous GET /src/components/Login.jsx 200  - 253.467 ms
2026-03-22T10:54:31.027Z anonymous GET /node_modules/.vite/deps/lucide-react.js?v=2e333596 200  - 20.979 ms
2026-03-22T10:54:31.062Z anonymous GET /src/components/MemberDashboard.jsx 200  - 315.008 ms
2026-03-22T10:54:31.069Z anonymous GET /node_modules/.vite/deps/react-qr-code.js?v=2e333596 200  - 0.409 ms
2026-03-22T10:54:31.101Z anonymous GET /src/components/AdminDashboard.jsx 200  - 352.985 ms
2026-03-22T10:54:31.113Z anonymous GET /src/components/QRCameraScanner.jsx 200  - 2.273 ms
2026-03-22T10:54:31.141Z anonymous GET /node_modules/.vite/deps/html5-qrcode.js?v=2e333596 200  - 22.553 ms
2026-03-22T10:54:31.312Z 2022047 GET /api/members/202204712 403 25 - 5.304 ms
2026-03-22T10:54:31.314Z 2022047 GET /api/allocations/member/202204712 403 59 - 1.240 ms
2026-03-22T10:54:31.316Z 2022047 GET /api/complaints/member/202204712 403 59 - 1.313 ms
2026-03-22T10:54:31.320Z 2022047 GET /api/visitors/member/202204712 403 59 - 2.389 ms
2026-03-22T10:54:31.323Z 2022047 GET /api/fees/member/202204712 403 59 - 1.149 ms
2026-03-22T10:54:31.325Z 2022047 GET /api/maintenance/member/202204712 403 59 - 0.856 ms
2026-03-22T10:54:31.330Z 2022047 GET /api/furniture/member/202204712 403 59 - 0.927 ms
2026-03-22T10:54:31.332Z 2022047 GET /api/fees/categories 304  - 6.341 ms
2026-03-22T10:54:31.332Z 2022047 GET /api/complaints/categories 304  - 6.186 ms
2026-03-22T10:54:31.333Z 2022047 GET /api/hostels/wardens 304  - 5.378 ms
2026-03-22T10:54:33.813Z anonymous GET /member/2022047 304  - 6.608 ms
2026-03-22T10:54:33.827Z anonymous GET /@vite/client 304  - 0.564 ms
2026-03-22T10:54:33.828Z anonymous GET /src/main.jsx 304  - 0.364 ms
2026-03-22T10:54:33.830Z anonymous GET /@react-refresh 304  - 0.110 ms
2026-03-22T10:54:33.832Z anonymous GET /src/index.css 304  - 0.181 ms
2026-03-22T10:54:33.833Z anonymous GET /src/App.jsx 304  - 0.303 ms
2026-03-22T10:54:33.833Z anonymous GET /node_modules/vite/dist/client/env.mjs 304  - 0.091 ms
2026-03-22T10:54:33.835Z anonymous GET /src/components/Login.jsx 304  - 0.088 ms
2026-03-22T10:54:33.836Z anonymous GET /src/components/AdminDashboard.jsx 304  - 0.098 ms
2026-03-22T10:54:33.837Z anonymous GET /src/components/MemberDashboard.jsx 304  - 0.129 ms
2026-03-22T10:54:33.837Z anonymous GET /src/ThemeContext.jsx 304  - 0.143 ms
2026-03-22T10:54:33.843Z anonymous GET /src/components/QRCameraScanner.jsx 304  - 0.082 ms
2026-03-22T10:54:33.901Z 2022047 GET /api/allocations/member/2022047 304  - 11.518 ms
2026-03-22T10:54:33.903Z 2022047 GET /api/fees/member/2022047 304  - 9.010 ms
2026-03-22T10:54:33.904Z 2022047 GET /api/maintenance/member/2022047 304  - 9.167 ms
2026-03-22T10:54:33.904Z 2022047 GET /api/complaints/member/2022047 304  - 13.125 ms
2026-03-22T10:54:33.905Z 2022047 GET /api/visitors/member/2022047 304  - 12.698 ms
2026-03-22T10:54:33.906Z 2022047 GET /api/members/2022047 304  - 18.281 ms
2026-03-22T10:54:33.910Z 2022047 GET /api/complaints/categories 304  - 3.876 ms
2026-03-22T10:54:33.911Z 2022047 GET /api/fees/categories 304  - 2.369 ms
2026-03-22T10:54:33.912Z 2022047 GET /api/hostels/wardens 304  - 2.158 ms
2026-03-22T10:54:33.912Z 2022047 GET /api/furniture/member/2022047 500 24 - 4.646 ms
2026-03-22T10:54:36.542Z anonymous POST /api/auth/logout 200 37 - 2.534 ms
2026-03-22T10:54:39.724Z anonymous POST /api/auth/login 200 72 - 134.358 ms
2026-03-22T10:54:39.747Z 2022047 GET /api/members/2022047 304  - 8.431 ms
2026-03-22T10:54:39.749Z 2022047 GET /api/allocations/member/2022047 304  - 6.497 ms
2026-03-22T10:54:39.749Z 2022047 GET /api/visitors/member/2022047 304  - 4.776 ms
2026-03-22T10:54:39.750Z 2022047 GET /api/complaints/member/2022047 304  - 6.477 ms
2026-03-22T10:54:39.750Z 2022047 GET /api/fees/member/2022047 304  - 4.920 ms
2026-03-22T10:54:39.751Z 2022047 GET /api/complaints/categories 304  - 4.685 ms
2026-03-22T10:54:39.755Z 2022047 GET /api/maintenance/member/2022047 304  - 6.747 ms
2026-03-22T10:54:39.755Z 2022047 GET /api/fees/categories 304  - 2.773 ms
2026-03-22T10:54:39.756Z 2022047 GET /api/hostels/wardens 304  - 2.467 ms
2026-03-22T10:54:39.756Z 2022047 GET /api/furniture/member/2022047 500 24 - 4.886 ms
2026-03-22T10:54:47.357Z anonymous GET /member/202204712 304  - 9.661 ms
2026-03-22T10:54:47.374Z anonymous GET /@vite/client 304  - 0.834 ms
2026-03-22T10:54:47.377Z anonymous GET /src/main.jsx 304  - 0.222 ms
2026-03-22T10:54:47.379Z anonymous GET /@react-refresh 304  - 0.386 ms
2026-03-22T10:54:47.381Z anonymous GET /node_modules/vite/dist/client/env.mjs 304  - 0.336 ms
2026-03-22T10:54:47.382Z anonymous GET /src/index.css 304  - 0.169 ms
2026-03-22T10:54:47.383Z anonymous GET /src/App.jsx 304  - 0.087 ms
2026-03-22T10:54:47.386Z anonymous GET /src/components/Login.jsx 304  - 0.101 ms
2026-03-22T10:54:47.389Z anonymous GET /src/components/MemberDashboard.jsx 304  - 0.100 ms
2026-03-22T10:54:47.390Z anonymous GET /src/components/AdminDashboard.jsx 304  - 0.072 ms
2026-03-22T10:54:47.391Z anonymous GET /src/ThemeContext.jsx 304  - 0.070 ms
2026-03-22T10:54:47.392Z anonymous GET /src/components/QRCameraScanner.jsx 304  - 0.078 ms
2026-03-22T10:54:47.445Z 2022047 GET /api/members/202204712 403 25 - 2.199 ms
2026-03-22T10:54:47.447Z 2022047 GET /api/allocations/member/202204712 403 59 - 0.978 ms
2026-03-22T10:54:47.451Z 2022047 GET /api/complaints/member/202204712 403 59 - 1.806 ms
2026-03-22T10:54:47.454Z 2022047 GET /api/furniture/member/202204712 403 59 - 1.468 ms
2026-03-22T10:54:47.462Z 2022047 GET /api/visitors/member/202204712 403 59 - 0.817 ms
2026-03-22T10:54:47.463Z 2022047 GET /api/fees/member/202204712 403 59 - 0.914 ms
2026-03-22T10:54:47.465Z 2022047 GET /api/maintenance/member/202204712 403 59 - 0.796 ms
2026-03-22T10:54:47.467Z 2022047 GET /api/fees/categories 304  - 8.467 ms
2026-03-22T10:54:47.467Z 2022047 GET /api/complaints/categories 304  - 7.606 ms
2026-03-22T10:54:47.468Z 2022047 GET /api/hostels/wardens 304  - 2.219 ms
2026-03-22T10:54:49.728Z anonymous GET /member/202204712 304  - 7.253 ms
2026-03-22T10:54:49.759Z anonymous GET /src/main.jsx 304  - 0.217 ms
2026-03-22T10:54:49.762Z anonymous GET /@react-refresh 304  - 0.168 ms
2026-03-22T10:54:49.763Z anonymous GET /@vite/client 304  - 0.225 ms
2026-03-22T10:54:49.765Z anonymous GET /src/index.css 304  - 0.266 ms
2026-03-22T10:54:49.765Z anonymous GET /src/App.jsx 304  - 0.054 ms
2026-03-22T10:54:49.767Z anonymous GET /node_modules/vite/dist/client/env.mjs 304  - 0.185 ms
2026-03-22T10:54:49.773Z anonymous GET /src/components/Login.jsx 304  - 0.087 ms
2026-03-22T10:54:49.774Z anonymous GET /src/components/AdminDashboard.jsx 304  - 0.052 ms
2026-03-22T10:54:49.774Z anonymous GET /src/components/MemberDashboard.jsx 304  - 0.044 ms
2026-03-22T10:54:49.775Z anonymous GET /src/ThemeContext.jsx 304  - 0.042 ms
2026-03-22T10:54:49.790Z anonymous GET /src/components/QRCameraScanner.jsx 304  - 0.090 ms
2026-03-22T10:54:49.841Z 2022047 GET /api/members/202204712 403 25 - 1.419 ms
2026-03-22T10:54:49.844Z 2022047 GET /api/allocations/member/202204712 403 59 - 1.745 ms
2026-03-22T10:54:49.847Z 2022047 GET /api/complaints/member/202204712 403 59 - 1.876 ms
2026-03-22T10:54:49.850Z 2022047 GET /api/visitors/member/202204712 403 59 - 1.686 ms
2026-03-22T10:54:49.852Z 2022047 GET /api/fees/member/202204712 403 59 - 1.018 ms
2026-03-22T10:54:49.854Z 2022047 GET /api/maintenance/member/202204712 403 59 - 1.310 ms
2026-03-22T10:54:49.859Z 2022047 GET /api/furniture/member/202204712 403 59 - 0.894 ms
2026-03-22T10:54:49.860Z 2022047 GET /api/complaints/categories 304  - 5.196 ms
2026-03-22T10:54:49.861Z 2022047 GET /api/fees/categories 304  - 4.351 ms
2026-03-22T10:54:49.861Z 2022047 GET /api/hostels/wardens 304  - 4.263 ms
2026-03-22T10:56:37.594Z anonymous GET /member/202204712 304  - 64.117 ms
2026-03-22T10:56:38.228Z anonymous GET /@react-refresh 304  - 8.596 ms
2026-03-22T10:56:38.245Z anonymous GET /src/main.jsx 304  - 27.269 ms
2026-03-22T10:56:38.275Z anonymous GET /@vite/client 200  - 59.318 ms
2026-03-22T10:56:38.282Z anonymous GET /member/202204712 304  - 52.633 ms
2026-03-22T10:56:38.529Z anonymous GET /node_modules/vite/dist/client/env.mjs 304  - 0.202 ms
2026-03-22T10:56:38.533Z anonymous GET /@vite/client 304  - 1.103 ms
2026-03-22T10:56:38.538Z anonymous GET /src/index.css   -  ms
2026-03-22T10:56:38.539Z anonymous GET /src/App.jsx   -  ms
2026-03-22T10:56:38.567Z anonymous GET /node_modules/vite/dist/client/env.mjs 200  - 23.898 ms
2026-03-22T10:56:38.590Z anonymous GET /src/main.jsx 304  - 0.719 ms
2026-03-22T10:56:38.595Z anonymous GET /@react-refresh 304  - 0.553 ms
2026-03-22T10:56:38.601Z anonymous GET /src/App.jsx 200  - 0.863 ms
2026-03-22T10:56:38.779Z anonymous GET /src/index.css 200  - 174.475 ms
2026-03-22T10:56:39.277Z anonymous GET /src/ThemeContext.jsx 304  - 16.955 ms
2026-03-22T10:56:39.282Z anonymous GET /src/components/Login.jsx 304  - 499.945 ms
2026-03-22T10:56:39.327Z anonymous GET /src/components/MemberDashboard.jsx 304  - 67.631 ms
2026-03-22T10:56:39.383Z anonymous GET /src/components/AdminDashboard.jsx 304  - 599.844 ms
2026-03-22T10:56:39.399Z anonymous GET /src/components/QRCameraScanner.jsx 304  - 2.978 ms
2026-03-22T10:56:39.499Z | User: 2022047 | UNAUTHORIZED DATA ACCESS ATTEMPT On /api/members/202204712
2026-03-22T10:56:39.499Z 2022047 GET /api/members/202204712 403 25 - 6.728 ms
2026-03-22T10:56:39.502Z | User: 2022047 | UNAUTHORIZED DATA ACCESS ATTEMPT On /api/allocations/member/202204712
2026-03-22T10:56:39.502Z 2022047 GET /api/allocations/member/202204712 403 59 - 1.956 ms
2026-03-22T10:56:39.505Z | User: 2022047 | UNAUTHORIZED DATA ACCESS ATTEMPT On /api/complaints/member/202204712
2026-03-22T10:56:39.505Z 2022047 GET /api/complaints/member/202204712 403 59 - 1.456 ms
2026-03-22T10:56:39.509Z | User: 2022047 | UNAUTHORIZED DATA ACCESS ATTEMPT On /api/visitors/member/202204712
2026-03-22T10:56:39.509Z 2022047 GET /api/visitors/member/202204712 403 59 - 2.350 ms
2026-03-22T10:56:39.512Z | User: 2022047 | UNAUTHORIZED DATA ACCESS ATTEMPT On /api/fees/member/202204712
2026-03-22T10:56:39.512Z 2022047 GET /api/fees/member/202204712 403 59 - 1.581 ms
2026-03-22T10:56:39.516Z | User: 2022047 | UNAUTHORIZED DATA ACCESS ATTEMPT On /api/furniture/member/202204712
2026-03-22T10:56:39.516Z 2022047 GET /api/furniture/member/202204712 403 59 - 1.030 ms
2026-03-22T10:56:39.518Z | User: 2022047 | UNAUTHORIZED DATA ACCESS ATTEMPT On /api/maintenance/member/202204712
2026-03-22T10:56:39.518Z 2022047 GET /api/maintenance/member/202204712 403 59 - 1.196 ms
2026-03-22T10:56:39.521Z 2022047 GET /api/fees/categories 304  - 8.685 ms
2026-03-22T10:56:39.522Z 2022047 GET /api/complaints/categories 304  - 8.467 ms
2026-03-22T10:56:39.523Z 2022047 GET /api/hostels/wardens 304  - 8.704 ms
2026-03-22T10:50:12.205Z | User: 2022047 | UNAUTHORIZED DATA ACCESS ATTEMPT On /api/members/202204712
2026-03-22T10:50:12.212Z | User: 2022047 | UNAUTHORIZED DATA ACCESS ATTEMPT On /api/allocations/member/202204712
2026-03-22T10:50:12.213Z | User: 2022047 | UNAUTHORIZED DATA ACCESS ATTEMPT On /api/complaints/member/202204712
2026-03-22T10:50:12.215Z | User: 2022047 | UNAUTHORIZED DATA ACCESS ATTEMPT On /api/visitors/member/202204712
2026-03-22T10:50:12.217Z | User: 2022047 | UNAUTHORIZED DATA ACCESS ATTEMPT On /api/furniture/member/202204712
2026-03-22T10:50:12.221Z | User: 2022047 | UNAUTHORIZED DATA ACCESS ATTEMPT On /api/fees/member/202204712
2026-03-22T10:50:12.223Z | User: 2022047 | UNAUTHORIZED DATA ACCESS ATTEMPT On /api/maintenance/member/202204712
2026-03-22T10:59:38.708Z anonymous GET /member/202204712 200  - 41.108 ms
2026-03-22T10:59:38.823Z anonymous GET /src/main.jsx?t=1774177178346 200  - 0.431 ms
2026-03-22T10:59:38.825Z anonymous GET /@vite/client 304  - 0.307 ms
2026-03-22T10:59:38.838Z anonymous GET /@react-refresh 304  - 0.241 ms
2026-03-22T10:59:38.843Z anonymous GET /src/index.css?t=1774177178346 200  - 0.596 ms
2026-03-22T10:59:38.844Z anonymous GET /src/App.jsx 304  - 0.107 ms
2026-03-22T10:59:38.853Z anonymous GET /node_modules/vite/dist/client/env.mjs 304  - 0.461 ms
2026-03-22T10:59:38.856Z anonymous GET /src/components/Login.jsx 304  - 0.266 ms
2026-03-22T10:59:38.860Z anonymous GET /src/components/AdminDashboard.jsx 304  - 0.297 ms
2026-03-22T10:59:38.863Z anonymous GET /src/components/MemberDashboard.jsx 304  - 0.104 ms
2026-03-22T10:59:38.868Z anonymous GET /src/ThemeContext.jsx 304  - 0.139 ms
2026-03-22T10:59:38.872Z anonymous GET /src/components/QRCameraScanner.jsx 304  - 0.265 ms
2026-03-22T10:59:39.082Z | User: 2022047 | UNAUTHORIZED DATA ACCESS ATTEMPT On /api/members/202204712
2026-03-22T10:59:39.082Z 2022047 GET /api/members/202204712 403 25 - 15.601 ms
2026-03-22T10:59:39.084Z | User: 2022047 | UNAUTHORIZED DATA ACCESS ATTEMPT On /api/allocations/member/202204712
2026-03-22T10:59:39.084Z 2022047 GET /api/allocations/member/202204712 403 59 - 1.162 ms
2026-03-22T10:59:39.087Z | User: 2022047 | UNAUTHORIZED DATA ACCESS ATTEMPT On /api/furniture/member/202204712
2026-03-22T10:59:39.087Z 2022047 GET /api/furniture/member/202204712 403 59 - 1.977 ms
2026-03-22T10:59:39.090Z | User: 2022047 | UNAUTHORIZED DATA ACCESS ATTEMPT On /api/complaints/member/202204712
2026-03-22T10:59:39.090Z 2022047 GET /api/complaints/member/202204712 403 59 - 1.150 ms
2026-03-22T10:59:39.097Z | User: 2022047 | UNAUTHORIZED DATA ACCESS ATTEMPT On /api/visitors/member/202204712
2026-03-22T10:59:39.097Z 2022047 GET /api/visitors/member/202204712 403 59 - 0.803 ms
2026-03-22T10:59:39.099Z | User: 2022047 | UNAUTHORIZED DATA ACCESS ATTEMPT On /api/fees/member/202204712
2026-03-22T10:59:39.099Z 2022047 GET /api/fees/member/202204712 403 59 - 0.915 ms
2026-03-22T10:59:39.104Z | User: 2022047 | UNAUTHORIZED DATA ACCESS ATTEMPT On /api/maintenance/member/202204712
2026-03-22T10:59:39.104Z 2022047 GET /api/maintenance/member/202204712 403 59 - 1.380 ms
2026-03-22T10:59:39.108Z 2022047 GET /api/fees/categories 304  - 16.984 ms
2026-03-22T10:59:39.109Z 2022047 GET /api/hostels/wardens 304  - 15.777 ms
2026-03-22T10:59:39.110Z 2022047 GET /api/complaints/categories 304  - 15.259 ms
2026-03-22T11:02:29.004Z anonymous GET / 304  - 57.061 ms
2026-03-22T11:02:29.598Z anonymous GET /@react-refresh 304  - 0.262 ms
2026-03-22T11:02:29.882Z anonymous GET /src/main.jsx 200  - 0.998 ms
2026-03-22T11:02:30.025Z anonymous GET /node_modules/.vite/deps/react_jsx-dev-runtime.js?v=2e333596 200  - 0.737 ms
2026-03-22T11:02:30.087Z anonymous GET /@vite/client 200  - 489.559 ms
2026-03-22T11:02:30.088Z anonymous GET /node_modules/.vite/deps/chunk-S73QDKPN.js?v=2e333596 200  - 0.508 ms
2026-03-22T11:02:30.093Z anonymous GET /src/index.css 200  - 0.821 ms
2026-03-22T11:02:30.096Z anonymous GET /src/App.jsx 200  - 0.693 ms
2026-03-22T11:02:30.101Z anonymous GET /node_modules/.vite/deps/react-dom_client.js?v=2e333596 200  - 6.773 ms
2026-03-22T11:02:30.121Z anonymous GET /node_modules/.vite/deps/chunk-G3PMV62Z.js?v=2e333596 200  - 15.550 ms
2026-03-22T11:02:30.131Z anonymous GET /node_modules/.vite/deps/react.js?v=2e333596 200  - 1.067 ms
2026-03-22T11:02:30.136Z anonymous GET /node_modules/vite/dist/client/env.mjs 304  - 31.756 ms
2026-03-22T11:02:30.137Z anonymous GET /node_modules/.vite/deps/react-router-dom.js?v=2e333596 200  - 2.556 ms
2026-03-22T11:02:30.139Z anonymous GET /node_modules/.vite/deps/chunk-Z5AKTONR.js?v=2e333596 200  - 0.577 ms
2026-03-22T11:02:30.149Z anonymous GET /src/ThemeContext.jsx 200  - 14.806 ms
2026-03-22T11:02:30.163Z anonymous GET /src/components/Login.jsx 200  - 29.253 ms
2026-03-22T11:02:30.218Z anonymous GET /src/components/MemberDashboard.jsx 200  - 82.280 ms
2026-03-22T11:02:30.254Z anonymous GET /node_modules/.vite/deps/lucide-react.js?v=2e333596 200  - 26.769 ms
2026-03-22T11:02:30.260Z anonymous GET /node_modules/.vite/deps/react-qr-code.js?v=2e333596 200  - 3.041 ms
2026-03-22T11:02:30.305Z anonymous GET /src/components/AdminDashboard.jsx 200  - 170.336 ms
2026-03-22T11:02:30.341Z anonymous GET /src/components/QRCameraScanner.jsx 200  - 0.521 ms
2026-03-22T11:02:30.352Z anonymous GET /node_modules/.vite/deps/html5-qrcode.js?v=2e333596 200  - 3.558 ms
2026-03-22T11:02:30.648Z 2022047 GET /api/visitors/member/2022047 304  - 7.794 ms
2026-03-22T11:02:30.650Z 2022047 GET /api/complaints/member/2022047 200 293 - 7.555 ms
2026-03-22T11:02:30.651Z 2022047 GET /api/maintenance/member/2022047 200 221 - 5.772 ms
2026-03-22T11:02:30.653Z 2022047 GET /api/fees/member/2022047 304  - 8.729 ms
2026-03-22T11:02:30.656Z 2022047 GET /api/allocations/member/2022047 200 391 - 24.478 ms
2026-03-22T11:02:30.658Z 2022047 GET /api/members/2022047 200 449 - 14.072 ms
2026-03-22T11:02:30.665Z 2022047 GET /api/complaints/categories 200 1099 - 5.671 ms
2026-03-22T11:02:30.666Z 2022047 GET /api/fees/categories 304  - 3.345 ms
2026-03-22T11:02:30.667Z 2022047 GET /api/hostels/wardens 304  - 3.050 ms
2026-03-22T11:02:30.668Z 2022047 GET /api/furniture/member/2022047 500 24 - 6.273 ms
2026-03-22T11:02:38.652Z anonymous GET /member/2022047 304  - 10.969 ms
2026-03-22T11:02:38.701Z anonymous GET /@vite/client 304  - 0.247 ms
2026-03-22T11:02:38.703Z anonymous GET /src/main.jsx 304  - 0.148 ms
2026-03-22T11:02:38.711Z anonymous GET /@react-refresh 304  - 0.366 ms
2026-03-22T11:02:38.712Z anonymous GET /node_modules/vite/dist/client/env.mjs 304  - 0.079 ms
2026-03-22T11:02:38.714Z anonymous GET /src/App.jsx 304  - 0.255 ms
2026-03-22T11:02:38.715Z anonymous GET /src/index.css 304  - 0.406 ms
2026-03-22T11:02:38.720Z anonymous GET /src/components/Login.jsx 304  - 0.323 ms
2026-03-22T11:02:38.721Z anonymous GET /src/components/AdminDashboard.jsx 304  - 0.174 ms
2026-03-22T11:02:38.723Z anonymous GET /src/components/MemberDashboard.jsx 304  - 0.110 ms
2026-03-22T11:02:38.724Z anonymous GET /src/ThemeContext.jsx 304  - 0.089 ms
2026-03-22T11:02:38.725Z anonymous GET /src/components/QRCameraScanner.jsx 304  - 0.070 ms
2026-03-22T11:02:38.826Z 2022047 GET /api/members/2022047 304  - 11.751 ms
2026-03-22T11:02:38.827Z 2022047 GET /api/allocations/member/2022047 304  - 8.804 ms
2026-03-22T11:02:38.828Z 2022047 GET /api/visitors/member/2022047 304  - 7.510 ms
2026-03-22T11:02:38.828Z 2022047 GET /api/complaints/member/2022047 304  - 6.930 ms
2026-03-22T11:02:38.833Z 2022047 GET /api/fees/member/2022047 304  - 8.403 ms
2026-03-22T11:02:38.834Z 2022047 GET /api/furniture/member/2022047 500 24 - 10.795 ms
2026-03-22T11:02:38.835Z 2022047 GET /api/maintenance/member/2022047 304  - 5.810 ms
2026-03-22T11:02:38.836Z 2022047 GET /api/complaints/categories 304  - 6.236 ms
2026-03-22T11:02:38.837Z 2022047 GET /api/fees/categories 304  - 6.102 ms
2026-03-22T11:02:38.838Z 2022047 GET /api/hostels/wardens 304  - 6.100 ms
2026-03-22T11:02:43.494Z anonymous GET /member/202204712 200  - 10.948 ms
2026-03-22T11:02:43.513Z anonymous GET /@vite/client 304  - 0.699 ms
2026-03-22T11:02:43.517Z anonymous GET /src/main.jsx 304  - 0.481 ms
2026-03-22T11:02:43.522Z anonymous GET /@react-refresh 304  - 0.490 ms
2026-03-22T11:02:43.523Z anonymous GET /node_modules/vite/dist/client/env.mjs 304  - 0.113 ms
2026-03-22T11:02:43.524Z anonymous GET /src/index.css 304  - 0.204 ms
2026-03-22T11:02:43.525Z anonymous GET /src/App.jsx 304  - 0.188 ms
2026-03-22T11:02:43.530Z anonymous GET /src/components/Login.jsx 304  - 0.111 ms
2026-03-22T11:02:43.531Z anonymous GET /src/components/AdminDashboard.jsx 304  - 0.102 ms
2026-03-22T11:02:43.531Z anonymous GET /src/components/MemberDashboard.jsx 304  - 0.094 ms
2026-03-22T11:02:43.532Z anonymous GET /src/ThemeContext.jsx 304  - 0.054 ms
2026-03-22T11:02:43.545Z anonymous GET /src/components/QRCameraScanner.jsx 304  - 0.476 ms
2026-03-22T11:02:43.604Z | User: 2022047 | UNAUTHORIZED DATA ACCESS ATTEMPT On /api/members/202204712
2026-03-22T11:02:43.604Z 2022047 GET /api/members/202204712 403 25 - 2.858 ms
2026-03-22T11:02:43.608Z | User: 2022047 | UNAUTHORIZED DATA ACCESS ATTEMPT On /api/furniture/member/202204712
2026-03-22T11:02:43.608Z 2022047 GET /api/furniture/member/202204712 403 59 - 1.542 ms
2026-03-22T11:02:43.611Z | User: 2022047 | UNAUTHORIZED DATA ACCESS ATTEMPT On /api/allocations/member/202204712
2026-03-22T11:02:43.611Z 2022047 GET /api/allocations/member/202204712 403 59 - 1.101 ms
2026-03-22T11:02:43.612Z | User: 2022047 | UNAUTHORIZED DATA ACCESS ATTEMPT On /api/complaints/member/202204712
2026-03-22T11:02:43.612Z 2022047 GET /api/complaints/member/202204712 403 59 - 0.908 ms
2026-03-22T11:02:43.614Z | User: 2022047 | UNAUTHORIZED DATA ACCESS ATTEMPT On /api/visitors/member/202204712
2026-03-22T11:02:43.614Z 2022047 GET /api/visitors/member/202204712 403 59 - 0.982 ms
2026-03-22T11:02:43.616Z | User: 2022047 | UNAUTHORIZED DATA ACCESS ATTEMPT On /api/fees/member/202204712
2026-03-22T11:02:43.616Z 2022047 GET /api/fees/member/202204712 403 59 - 0.826 ms
2026-03-22T11:02:43.618Z | User: 2022047 | UNAUTHORIZED DATA ACCESS ATTEMPT On /api/maintenance/member/202204712
2026-03-22T11:02:43.618Z 2022047 GET /api/maintenance/member/202204712 403 59 - 0.885 ms
2026-03-22T11:02:43.624Z 2022047 GET /api/complaints/categories 304  - 5.568 ms
2026-03-22T11:02:43.625Z 2022047 GET /api/fees/categories 304  - 4.857 ms
2026-03-22T11:02:43.626Z 2022047 GET /api/hostels/wardens 304  - 4.389 ms
2026-03-22T11:02:52.509Z anonymous POST /api/auth/logout 200 37 - 1.953 ms
2026-03-22T11:02:56.514Z anonymous POST /api/auth/login 200 72 - 124.329 ms
2026-03-22T11:02:56.542Z 2022047 GET /api/members/2022047 304  - 1.162 ms
2026-03-22T11:02:56.546Z 2022047 GET /api/allocations/member/2022047 304  - 1.829 ms
2026-03-22T11:02:56.555Z 2022047 GET /api/complaints/member/2022047 304  - 7.930 ms
2026-03-22T11:02:56.556Z 2022047 GET /api/visitors/member/2022047 304  - 6.591 ms
2026-03-22T11:02:56.557Z 2022047 GET /api/fees/member/2022047 304  - 6.175 ms
2026-03-22T11:02:56.558Z 2022047 GET /api/fees/categories 304  - 6.113 ms
2026-03-22T11:02:56.559Z 2022047 GET /api/maintenance/member/2022047 304  - 5.261 ms
2026-03-22T11:02:56.559Z 2022047 GET /api/complaints/categories 304  - 5.048 ms
2026-03-22T11:02:56.561Z 2022047 GET /api/furniture/member/2022047 500 24 - 3.410 ms
2026-03-22T11:02:56.561Z 2022047 GET /api/hostels/wardens 304  - 1.643 ms
2026-03-22T11:03:29.683Z anonymous GET /member/2022047 200  - 19.171 ms
2026-03-22T11:03:29.812Z anonymous GET /@vite/client 304  - 5.027 ms
2026-03-22T11:03:29.817Z anonymous GET /src/main.jsx?t=1774177408609 200  - 0.938 ms
2026-03-22T11:03:29.823Z anonymous GET /node_modules/vite/dist/client/env.mjs 304  - 0.711 ms
2026-03-22T11:03:29.827Z anonymous GET /@react-refresh 304  - 0.190 ms
2026-03-22T11:03:29.839Z anonymous GET /src/index.css?t=1774177408609 200  - 0.774 ms
2026-03-22T11:03:29.840Z anonymous GET /src/App.jsx 304  - 0.157 ms
2026-03-22T11:03:29.848Z anonymous GET /src/components/Login.jsx 304  - 0.106 ms
2026-03-22T11:03:29.849Z anonymous GET /src/components/AdminDashboard.jsx 304  - 0.147 ms
2026-03-22T11:03:29.851Z anonymous GET /src/components/MemberDashboard.jsx 304  - 0.149 ms
2026-03-22T11:03:29.860Z anonymous GET /src/ThemeContext.jsx 304  - 0.433 ms
2026-03-22T11:03:29.874Z anonymous GET /src/components/QRCameraScanner.jsx 304  - 0.219 ms
2026-03-22T11:03:29.982Z 2022047 GET /api/members/2022047 304  - 25.503 ms
2026-03-22T11:03:29.983Z 2022047 GET /api/complaints/member/2022047 304  - 16.471 ms
2026-03-22T11:03:29.984Z 2022047 GET /api/allocations/member/2022047 304  - 23.913 ms
2026-03-22T11:03:29.990Z 2022047 GET /api/visitors/member/2022047 304  - 21.993 ms
2026-03-22T11:03:29.990Z 2022047 GET /api/fees/member/2022047 304  - 17.040 ms
2026-03-22T11:03:29.991Z 2022047 GET /api/maintenance/member/2022047 304  - 11.144 ms
2026-03-22T11:03:29.993Z 2022047 GET /api/complaints/categories 304  - 5.383 ms
2026-03-22T11:03:29.993Z 2022047 GET /api/fees/categories 304  - 4.275 ms
2026-03-22T11:03:29.994Z 2022047 GET /api/furniture/member/2022047 500 24 - 8.452 ms
2026-03-22T11:03:29.994Z 2022047 GET /api/hostels/wardens 304  - 2.634 ms
2026-03-22T11:04:56.704Z anonymous GET /member/2022047 404 153 - 28.931 ms
