2026-03-22T10:49:45.289Z | User: anonymous | Action: POST /api/auth/logout | Status: 200
2026-03-22T10:49:48.137Z | User: anonymous | Action: POST /api/auth/login | Status: 200
2026-03-22T10:50:01.799Z | User: anonymous | Action: POST /api/auth/login | Status: 200
2026-03-22T10:54:36.542Z | User: anonymous | Action: POST /api/auth/logout | Status: 200
2026-03-22T10:54:39.724Z | User: anonymous | Action: POST /api/auth/login | Status: 200
2026-03-22T10:56:39.499Z | User: 2022047 | UNAUTHORIZED DATA ACCESS ATTEMPT On /api/members/202204712
2026-03-22T10:56:39.502Z | User: 2022047 | UNAUTHORIZED DATA ACCESS ATTEMPT On /api/allocations/member/202204712
2026-03-22T10:56:39.505Z | User: 2022047 | UNAUTHORIZED DATA ACCESS ATTEMPT On /api/complaints/member/202204712
2026-03-22T10:56:39.509Z | User: 2022047 | UNAUTHORIZED DATA ACCESS ATTEMPT On /api/visitors/member/202204712
2026-03-22T10:56:39.512Z | User: 2022047 | UNAUTHORIZED DATA ACCESS ATTEMPT On /api/fees/member/202204712
2026-03-22T10:56:39.516Z | User: 2022047 | UNAUTHORIZED DATA ACCESS ATTEMPT On /api/furniture/member/202204712
2026-03-22T10:56:39.518Z | User: 2022047 | UNAUTHORIZED DATA ACCESS ATTEMPT On /api/maintenance/member/202204712
2026-03-22T10:50:12.205Z | User: 2022047 | UNAUTHORIZED DATA ACCESS ATTEMPT On /api/members/202204712
2026-03-22T10:50:12.212Z | User: 2022047 | UNAUTHORIZED DATA ACCESS ATTEMPT On /api/allocations/member/202204712
2026-03-22T10:50:12.213Z | User: 2022047 | UNAUTHORIZED DATA ACCESS ATTEMPT On /api/complaints/member/202204712
2026-03-22T10:50:12.215Z | User: 2022047 | UNAUTHORIZED DATA ACCESS ATTEMPT On /api/visitors/member/202204712
2026-03-22T10:50:12.217Z | User: 2022047 | UNAUTHORIZED DATA ACCESS ATTEMPT On /api/furniture/member/202204712
2026-03-22T10:50:12.221Z | User: 2022047 | UNAUTHORIZED DATA ACCESS ATTEMPT On /api/fees/member/202204712
2026-03-22T10:50:12.223Z | User: 2022047 | UNAUTHORIZED DATA ACCESS ATTEMPT On /api/maintenance/member/202204712
2026-03-22T10:59:39.082Z | User: 2022047 | UNAUTHORIZED DATA ACCESS ATTEMPT On /api/members/202204712
2026-03-22T10:59:39.084Z | User: 2022047 | UNAUTHORIZED DATA ACCESS ATTEMPT On /api/allocations/member/202204712
2026-03-22T10:59:39.087Z | User: 2022047 | UNAUTHORIZED DATA ACCESS ATTEMPT On /api/furniture/member/202204712
2026-03-22T10:59:39.090Z | User: 2022047 | UNAUTHORIZED DATA ACCESS ATTEMPT On /api/complaints/member/202204712
2026-03-22T10:59:39.097Z | User: 2022047 | UNAUTHORIZED DATA ACCESS ATTEMPT On /api/visitors/member/202204712
2026-03-22T10:59:39.099Z | User: 2022047 | UNAUTHORIZED DATA ACCESS ATTEMPT On /api/fees/member/202204712
2026-03-22T10:59:39.104Z | User: 2022047 | UNAUTHORIZED DATA ACCESS ATTEMPT On /api/maintenance/member/202204712
2026-03-22T11:02:43.604Z | User: 2022047 | UNAUTHORIZED DATA ACCESS ATTEMPT On /api/members/202204712
2026-03-22T11:02:43.608Z | User: 2022047 | UNAUTHORIZED DATA ACCESS ATTEMPT On /api/furniture/member/202204712
2026-03-22T11:02:43.611Z | User: 2022047 | UNAUTHORIZED DATA ACCESS ATTEMPT On /api/allocations/member/202204712
2026-03-22T11:02:43.612Z | User: 2022047 | UNAUTHORIZED DATA ACCESS ATTEMPT On /api/complaints/member/202204712
2026-03-22T11:02:43.614Z | User: 2022047 | UNAUTHORIZED DATA ACCESS ATTEMPT On /api/visitors/member/202204712
2026-03-22T11:02:43.616Z | User: 2022047 | UNAUTHORIZED DATA ACCESS ATTEMPT On /api/fees/member/202204712
2026-03-22T11:02:43.618Z | User: 2022047 | UNAUTHORIZED DATA ACCESS ATTEMPT On /api/maintenance/member/202204712
2026-03-22T11:02:52.509Z | User: anonymous | Action: POST /api/auth/logout | Status: 200
2026-03-22T11:02:56.514Z | User: anonymous | Action: POST /api/auth/login | Status: 200
